make --dry-run --always-make --keep-going --print-directory
make: Entering directory '/home/chenzh/solvers/shuffle_phase/cadical-watch-sat-sr'
make -C "/home/chenzh/solvers/cadical-watch-sat-sr/build"
make[1]: Entering directory '/home/chenzh/solvers/cadical-watch-sat-sr/build'
g++ -Wall -Wextra -O3 -DNDEBUG -I../build -c ../src/analyze.cpp
g++ -Wall -Wextra -O3 -DNDEBUG -I../build -c ../src/arena.cpp
g++ -Wall -Wextra -O3 -DNDEBUG -I../build -c ../src/assume.cpp
g++ -Wall -Wextra -O3 -DNDEBUG -I../build -c ../src/averages.cpp
g++ -Wall -Wextra -O3 -DNDEBUG -I../build -c ../src/backtrack.cpp
g++ -Wall -Wextra -O3 -DNDEBUG -I../build -c ../src/backward.cpp
g++ -Wall -Wextra -O3 -DNDEBUG -I../build -c ../src/bins.cpp
g++ -Wall -Wextra -O3 -DNDEBUG -I../build -c ../src/block.cpp
 
g++ -Wall -Wextra -O3 -DNDEBUG -I../build -c ../src/ccadical.cpp
g++ -Wall -Wextra -O3 -DNDEBUG -I../build -c ../src/checker.cpp
 
g++ -Wall -Wextra -O3 -DNDEBUG -I../build -c ../src/clause.cpp
 
g++ -Wall -Wextra -O3 -DNDEBUG -I../build -c ../src/collect.cpp
g++ -Wall -Wextra -O3 -DNDEBUG -I../build -c ../src/compact.cpp
 
g++ -Wall -Wextra -O3 -DNDEBUG -I../build -c ../src/condition.cpp
 
g++ -Wall -Wextra -O3 -DNDEBUG -I../build -c ../src/config.cpp
 
g++ -Wall -Wextra -O3 -DNDEBUG -I../build -c ../src/contract.cpp
 
g++ -Wall -Wextra -O3 -DNDEBUG -I../build -c ../src/cover.cpp
 
g++ -Wall -Wextra -O3 -DNDEBUG -I../build -c ../src/decide.cpp
 
g++ -Wall -Wextra -O3 -DNDEBUG -I../build -c ../src/decompose.cpp
 
g++ -Wall -Wextra -O3 -DNDEBUG -I../build -c ../src/deduplicate.cpp
g++ -Wall -Wextra -O3 -DNDEBUG -I../build -c ../src/elim.cpp
 
g++ -Wall -Wextra -O3 -DNDEBUG -I../build -c ../src/ema.cpp
g++ -Wall -Wextra -O3 -DNDEBUG -I../build -c ../src/extend.cpp
g++ -Wall -Wextra -O3 -DNDEBUG -I../build -c ../src/external.cpp
g++ -Wall -Wextra -O3 -DNDEBUG -I../build -c ../src/file.cpp
g++ -Wall -Wextra -O3 -DNDEBUG -I../build -c ../src/flags.cpp
g++ -Wall -Wextra -O3 -DNDEBUG -I../build -c ../src/format.cpp
g++ -Wall -Wextra -O3 -DNDEBUG -I../build -c ../src/gates.cpp
g++ -Wall -Wextra -O3 -DNDEBUG -I../build -c ../src/instantiate.cpp
g++ -Wall -Wextra -O3 -DNDEBUG -I../build -c ../src/internal.cpp
g++ -Wall -Wextra -O3 -DNDEBUG -I../build -c ../src/ipasir.cpp
g++ -Wall -Wextra -O3 -DNDEBUG -I../build -c ../src/limit.cpp
g++ -Wall -Wextra -O3 -DNDEBUG -I../build -c ../src/logging.cpp
g++ -Wall -Wextra -O3 -DNDEBUG -I../build -c ../src/lookahead.cpp
g++ -Wall -Wextra -O3 -DNDEBUG -I../build -c ../src/lucky.cpp
g++ -Wall -Wextra -O3 -DNDEBUG -I../build -c ../src/message.cpp
 
g++ -Wall -Wextra -O3 -DNDEBUG -I../build -c ../src/minimize.cpp
g++ -Wall -Wextra -O3 -DNDEBUG -I../build -c ../src/occs.cpp
 
g++ -Wall -Wextra -O3 -DNDEBUG -I../build -c ../src/options.cpp
g++ -Wall -Wextra -O3 -DNDEBUG -I../build -c ../src/parse.cpp
g++ -Wall -Wextra -O3 -DNDEBUG -I../build -c ../src/phases.cpp
g++ -Wall -Wextra -O3 -DNDEBUG -I../build -c ../src/probe.cpp
g++ -Wall -Wextra -O3 -DNDEBUG -I../build -c ../src/profile.cpp
 
g++ -Wall -Wextra -O3 -DNDEBUG -I../build -c ../src/proof.cpp
g++ -Wall -Wextra -O3 -DNDEBUG -I../build -c ../src/propagate.cpp
 
g++ -Wall -Wextra -O3 -DNDEBUG -I../build -c ../src/queue.cpp
 
g++ -Wall -Wextra -O3 -DNDEBUG -I../build -c ../src/random.cpp
 
g++ -Wall -Wextra -O3 -DNDEBUG -I../build -c ../src/reduce.cpp
 
g++ -Wall -Wextra -O3 -DNDEBUG -I../build -c ../src/rephase.cpp
 
g++ -Wall -Wextra -O3 -DNDEBUG -I../build -c ../src/report.cpp
g++ -Wall -Wextra -O3 -DNDEBUG -I../build -c ../src/resources.cpp
g++ -Wall -Wextra -O3 -DNDEBUG -I../build -c ../src/restart.cpp
g++ -Wall -Wextra -O3 -DNDEBUG -I../build -c ../src/restore.cpp
g++ -Wall -Wextra -O3 -DNDEBUG -I../build -c ../src/score.cpp
g++ -Wall -Wextra -O3 -DNDEBUG -I../build -c ../src/signal.cpp
g++ -Wall -Wextra -O3 -DNDEBUG -I../build -c ../src/solution.cpp
g++ -Wall -Wextra -O3 -DNDEBUG -I../build -c ../src/solver.cpp
g++ -Wall -Wextra -O3 -DNDEBUG -I../build -c ../src/stats.cpp
g++ -Wall -Wextra -O3 -DNDEBUG -I../build -c ../src/subsume.cpp
g++ -Wall -Wextra -O3 -DNDEBUG -I../build -c ../src/terminal.cpp
g++ -Wall -Wextra -O3 -DNDEBUG -I../build -c ../src/ternary.cpp
g++ -Wall -Wextra -O3 -DNDEBUG -I../build -c ../src/tracer.cpp
g++ -Wall -Wextra -O3 -DNDEBUG -I../build -c ../src/transred.cpp
g++ -Wall -Wextra -O3 -DNDEBUG -I../build -c ../src/util.cpp
g++ -Wall -Wextra -O3 -DNDEBUG -I../build -c ../src/var.cpp
../scripts/make-build-header.sh > build.hpp
g++ -Wall -Wextra -O3 -DNDEBUG -I../build -c ../src/version.cpp
g++ -Wall -Wextra -O3 -DNDEBUG -I../build -c ../src/vivify.cpp
 
g++ -Wall -Wextra -O3 -DNDEBUG -I../build -c ../src/walk.cpp
g++ -Wall -Wextra -O3 -DNDEBUG -I../build -c ../src/watch.cpp
ar rc libcadical.a analyze.o arena.o assume.o averages.o backtrack.o backward.o bins.o block.o ccadical.o checker.o clause.o collect.o compact.o condition.o config.o contract.o cover.o decide.o decompose.o deduplicate.o elim.o ema.o extend.o external.o file.o flags.o format.o gates.o instantiate.o internal.o ipasir.o limit.o logging.o lookahead.o lucky.o message.o minimize.o occs.o options.o parse.o phases.o probe.o profile.o proof.o propagate.o queue.o random.o reduce.o rephase.o report.o resources.o restart.o restore.o score.o signal.o solution.o solver.o stats.o subsume.o terminal.o ternary.o tracer.o transred.o util.o var.o version.o vivify.o walk.o watch.o
g++ -Wall -Wextra -O3 -DNDEBUG -I../build -c ../src/cadical.cpp
g++ -Wall -Wextra -O3 -DNDEBUG -I../build -o cadical cadical.o -L. -lcadical
 
g++ -Wall -Wextra -O3 -DNDEBUG -I../build -c ../src/mobical.cpp
 
g++ -Wall -Wextra -O3 -DNDEBUG -I../build -o mobical mobical.o -L. -lcadical
make[1]: Leaving directory '/home/chenzh/solvers/cadical-watch-sat-sr/build'
 
make: Leaving directory '/home/chenzh/solvers/shuffle_phase/cadical-watch-sat-sr'
 
